{"C:\\PC\\JS\\ReactRS\\ReactRS\\components\\CloseDescriptionBtn.tsx": {"path":"C:\\PC\\JS\\ReactRS\\ReactRS\\components\\CloseDescriptionBtn.tsx","all":false,"statementMap":{"0":{"start":{"line":1,"column":0},"end":{"line":1,"column":40}},"1":{"start":{"line":2,"column":0},"end":{"line":2,"column":0}},"2":{"start":{"line":3,"column":0},"end":{"line":3,"column":32}},"3":{"start":{"line":4,"column":0},"end":{"line":4,"column":29}},"4":{"start":{"line":5,"column":0},"end":{"line":5,"column":10}},"5":{"start":{"line":6,"column":0},"end":{"line":6,"column":11}},"6":{"start":{"line":7,"column":0},"end":{"line":7,"column":22}},"7":{"start":{"line":8,"column":0},"end":{"line":8,"column":28}},"8":{"start":{"line":9,"column":0},"end":{"line":9,"column":24}},"9":{"start":{"line":10,"column":0},"end":{"line":10,"column":37}},"10":{"start":{"line":11,"column":0},"end":{"line":11,"column":10}},"11":{"start":{"line":12,"column":0},"end":{"line":12,"column":37}},"12":{"start":{"line":13,"column":0},"end":{"line":13,"column":32}},"13":{"start":{"line":14,"column":0},"end":{"line":14,"column":8}},"14":{"start":{"line":15,"column":0},"end":{"line":15,"column":5}},"15":{"start":{"line":16,"column":0},"end":{"line":16,"column":27}},"16":{"start":{"line":17,"column":0},"end":{"line":17,"column":13}},"17":{"start":{"line":18,"column":0},"end":{"line":18,"column":4}},"18":{"start":{"line":19,"column":0},"end":{"line":19,"column":1}},"19":{"start":{"line":20,"column":0},"end":{"line":20,"column":0}},"20":{"start":{"line":21,"column":0},"end":{"line":21,"column":35}}},"s":{"0":1,"1":1,"2":2,"3":2,"4":2,"5":2,"6":2,"7":1,"8":1,"9":1,"10":1,"11":1,"12":1,"13":1,"14":2,"15":2,"16":2,"17":2,"18":2,"19":1,"20":1},"branchMap":{"0":{"type":"branch","line":3,"loc":{"start":{"line":3,"column":0},"end":{"line":19,"column":1}},"locations":[{"start":{"line":3,"column":0},"end":{"line":19,"column":1}}]},"1":{"type":"branch","line":7,"loc":{"start":{"line":7,"column":15},"end":{"line":14,"column":8}},"locations":[{"start":{"line":7,"column":15},"end":{"line":14,"column":8}}]}},"b":{"0":[2],"1":[1]},"fnMap":{"0":{"name":"CloseDescriptionBtn","decl":{"start":{"line":3,"column":0},"end":{"line":19,"column":1}},"loc":{"start":{"line":3,"column":0},"end":{"line":19,"column":1}},"line":3},"1":{"name":"onClick","decl":{"start":{"line":7,"column":15},"end":{"line":14,"column":8}},"loc":{"start":{"line":7,"column":15},"end":{"line":14,"column":8}},"line":7}},"f":{"0":2,"1":1}}
,"C:\\PC\\JS\\ReactRS\\ReactRS\\components\\ErrorBoundary.tsx": {"path":"C:\\PC\\JS\\ReactRS\\ReactRS\\components\\ErrorBoundary.tsx","all":false,"statementMap":{"0":{"start":{"line":1,"column":0},"end":{"line":1,"column":45}},"1":{"start":{"line":2,"column":0},"end":{"line":2,"column":0}},"2":{"start":{"line":3,"column":0},"end":{"line":3,"column":30}},"3":{"start":{"line":4,"column":0},"end":{"line":4,"column":22}},"4":{"start":{"line":5,"column":0},"end":{"line":5,"column":1}},"5":{"start":{"line":6,"column":0},"end":{"line":6,"column":30}},"6":{"start":{"line":7,"column":0},"end":{"line":7,"column":21}},"7":{"start":{"line":8,"column":0},"end":{"line":8,"column":1}},"8":{"start":{"line":9,"column":0},"end":{"line":9,"column":0}},"9":{"start":{"line":10,"column":0},"end":{"line":10,"column":79}},"10":{"start":{"line":11,"column":0},"end":{"line":11,"column":41}},"11":{"start":{"line":12,"column":0},"end":{"line":12,"column":17}},"12":{"start":{"line":13,"column":0},"end":{"line":13,"column":33}},"13":{"start":{"line":14,"column":0},"end":{"line":14,"column":3}},"14":{"start":{"line":15,"column":0},"end":{"line":15,"column":2}},"15":{"start":{"line":16,"column":0},"end":{"line":16,"column":35}},"16":{"start":{"line":17,"column":0},"end":{"line":17,"column":19}},"17":{"start":{"line":18,"column":0},"end":{"line":18,"column":18}},"18":{"start":{"line":19,"column":0},"end":{"line":19,"column":6}},"19":{"start":{"line":20,"column":0},"end":{"line":20,"column":3}},"20":{"start":{"line":21,"column":0},"end":{"line":21,"column":2}},"21":{"start":{"line":22,"column":0},"end":{"line":22,"column":12}},"22":{"start":{"line":23,"column":0},"end":{"line":23,"column":27}},"23":{"start":{"line":24,"column":0},"end":{"line":24,"column":14}},"24":{"start":{"line":25,"column":0},"end":{"line":25,"column":76}},"25":{"start":{"line":26,"column":0},"end":{"line":26,"column":8}},"26":{"start":{"line":27,"column":0},"end":{"line":27,"column":5}},"27":{"start":{"line":28,"column":0},"end":{"line":28,"column":31}},"28":{"start":{"line":29,"column":0},"end":{"line":29,"column":5}},"29":{"start":{"line":30,"column":0},"end":{"line":30,"column":1}},"30":{"start":{"line":31,"column":0},"end":{"line":31,"column":0}},"31":{"start":{"line":32,"column":0},"end":{"line":32,"column":29}}},"s":{"0":1,"1":1,"2":1,"3":1,"4":1,"5":1,"6":1,"7":1,"8":1,"9":1,"10":1,"11":0,"12":0,"13":0,"14":1,"15":1,"16":0,"17":0,"18":0,"19":0,"20":1,"21":1,"22":0,"23":0,"24":0,"25":0,"26":0,"27":0,"28":0,"29":1,"30":1,"31":1},"branchMap":{},"b":{},"fnMap":{"0":{"name":"ErrorBoundary","decl":{"start":{"line":11,"column":2},"end":{"line":14,"column":3}},"loc":{"start":{"line":11,"column":2},"end":{"line":14,"column":3}},"line":11},"1":{"name":"componentDidCatch","decl":{"start":{"line":16,"column":2},"end":{"line":20,"column":3}},"loc":{"start":{"line":16,"column":2},"end":{"line":20,"column":3}},"line":16},"2":{"name":"render","decl":{"start":{"line":22,"column":2},"end":{"line":29,"column":5}},"loc":{"start":{"line":22,"column":2},"end":{"line":29,"column":5}},"line":22}},"f":{"0":0,"1":0,"2":0}}
,"C:\\PC\\JS\\ReactRS\\ReactRS\\components\\LinkComponents.tsx": {"path":"C:\\PC\\JS\\ReactRS\\ReactRS\\components\\LinkComponents.tsx","all":false,"statementMap":{"0":{"start":{"line":1,"column":0},"end":{"line":1,"column":12}},"1":{"start":{"line":2,"column":0},"end":{"line":2,"column":44}},"2":{"start":{"line":3,"column":0},"end":{"line":3,"column":0}},"3":{"start":{"line":4,"column":0},"end":{"line":4,"column":110}},"4":{"start":{"line":5,"column":0},"end":{"line":5,"column":39}},"5":{"start":{"line":6,"column":0},"end":{"line":6,"column":19}},"6":{"start":{"line":7,"column":0},"end":{"line":7,"column":42}},"7":{"start":{"line":8,"column":0},"end":{"line":8,"column":17}},"8":{"start":{"line":9,"column":0},"end":{"line":9,"column":0}},"9":{"start":{"line":10,"column":0},"end":{"line":10,"column":42}},"10":{"start":{"line":11,"column":0},"end":{"line":11,"column":12}},"11":{"start":{"line":12,"column":0},"end":{"line":12,"column":46}},"12":{"start":{"line":13,"column":0},"end":{"line":13,"column":14}},"13":{"start":{"line":14,"column":0},"end":{"line":14,"column":9}},"14":{"start":{"line":15,"column":0},"end":{"line":15,"column":1}},"15":{"start":{"line":16,"column":0},"end":{"line":16,"column":0}},"16":{"start":{"line":17,"column":0},"end":{"line":17,"column":29}}},"s":{"0":1,"1":1,"2":1,"3":4,"4":4,"5":4,"6":2,"7":2,"8":2,"9":2,"10":4,"11":4,"12":4,"13":4,"14":4,"15":1,"16":1},"branchMap":{"0":{"type":"branch","line":4,"loc":{"start":{"line":4,"column":0},"end":{"line":15,"column":1}},"locations":[{"start":{"line":4,"column":0},"end":{"line":15,"column":1}}]},"1":{"type":"branch","line":6,"loc":{"start":{"line":6,"column":12},"end":{"line":11,"column":5}},"locations":[{"start":{"line":6,"column":12},"end":{"line":11,"column":5}}]},"2":{"type":"branch","line":10,"loc":{"start":{"line":10,"column":11},"end":{"line":10,"column":42}},"locations":[{"start":{"line":10,"column":11},"end":{"line":10,"column":42}}]}},"b":{"0":[4],"1":[2],"2":[2]},"fnMap":{"0":{"name":"LinkComponent","decl":{"start":{"line":4,"column":0},"end":{"line":15,"column":1}},"loc":{"start":{"line":4,"column":0},"end":{"line":15,"column":1}},"line":4}},"f":{"0":4}}
,"C:\\PC\\JS\\ReactRS\\ReactRS\\components\\Pagination.tsx": {"path":"C:\\PC\\JS\\ReactRS\\ReactRS\\components\\Pagination.tsx","all":false,"statementMap":{"0":{"start":{"line":1,"column":0},"end":{"line":1,"column":40}},"1":{"start":{"line":2,"column":0},"end":{"line":2,"column":44}},"2":{"start":{"line":3,"column":0},"end":{"line":3,"column":0}},"3":{"start":{"line":4,"column":0},"end":{"line":4,"column":59}},"4":{"start":{"line":5,"column":0},"end":{"line":5,"column":29}},"5":{"start":{"line":6,"column":0},"end":{"line":6,"column":52}},"6":{"start":{"line":7,"column":0},"end":{"line":7,"column":0}},"7":{"start":{"line":8,"column":0},"end":{"line":8,"column":19}},"8":{"start":{"line":9,"column":0},"end":{"line":9,"column":63}},"9":{"start":{"line":10,"column":0},"end":{"line":10,"column":25}},"10":{"start":{"line":11,"column":0},"end":{"line":11,"column":0}},"11":{"start":{"line":12,"column":0},"end":{"line":12,"column":21}},"12":{"start":{"line":13,"column":0},"end":{"line":13,"column":31}},"13":{"start":{"line":14,"column":0},"end":{"line":14,"column":17}},"14":{"start":{"line":15,"column":0},"end":{"line":15,"column":32}},"15":{"start":{"line":16,"column":0},"end":{"line":16,"column":49}},"16":{"start":{"line":17,"column":0},"end":{"line":17,"column":6}},"17":{"start":{"line":18,"column":0},"end":{"line":18,"column":3}},"18":{"start":{"line":19,"column":0},"end":{"line":19,"column":21}},"19":{"start":{"line":20,"column":0},"end":{"line":20,"column":33}},"20":{"start":{"line":21,"column":0},"end":{"line":21,"column":17}},"21":{"start":{"line":22,"column":0},"end":{"line":22,"column":32}},"22":{"start":{"line":23,"column":0},"end":{"line":23,"column":49}},"23":{"start":{"line":24,"column":0},"end":{"line":24,"column":6}},"24":{"start":{"line":25,"column":0},"end":{"line":25,"column":3}},"25":{"start":{"line":26,"column":0},"end":{"line":26,"column":0}},"26":{"start":{"line":27,"column":0},"end":{"line":27,"column":11}},"27":{"start":{"line":28,"column":0},"end":{"line":28,"column":73}},"28":{"start":{"line":29,"column":0},"end":{"line":29,"column":66}},"29":{"start":{"line":30,"column":0},"end":{"line":30,"column":43}},"30":{"start":{"line":31,"column":0},"end":{"line":31,"column":91}},"31":{"start":{"line":32,"column":0},"end":{"line":32,"column":12}},"32":{"start":{"line":33,"column":0},"end":{"line":33,"column":1}},"33":{"start":{"line":34,"column":0},"end":{"line":34,"column":0}},"34":{"start":{"line":35,"column":0},"end":{"line":35,"column":26}}},"s":{"0":1,"1":1,"2":1,"3":13,"4":13,"5":13,"6":13,"7":13,"8":6,"9":13,"10":13,"11":13,"12":1,"13":1,"14":1,"15":1,"16":1,"17":1,"18":13,"19":1,"20":1,"21":1,"22":1,"23":1,"24":1,"25":13,"26":13,"27":13,"28":13,"29":13,"30":13,"31":13,"32":13,"33":1,"34":1},"branchMap":{"0":{"type":"branch","line":4,"loc":{"start":{"line":4,"column":0},"end":{"line":33,"column":1}},"locations":[{"start":{"line":4,"column":0},"end":{"line":33,"column":1}}]},"1":{"type":"branch","line":8,"loc":{"start":{"line":8,"column":12},"end":{"line":10,"column":5}},"locations":[{"start":{"line":8,"column":12},"end":{"line":10,"column":5}}]},"2":{"type":"branch","line":9,"loc":{"start":{"line":9,"column":26},"end":{"line":9,"column":63}},"locations":[{"start":{"line":9,"column":26},"end":{"line":9,"column":63}}]},"3":{"type":"branch","line":12,"loc":{"start":{"line":12,"column":2},"end":{"line":18,"column":3}},"locations":[{"start":{"line":12,"column":2},"end":{"line":18,"column":3}}]},"4":{"type":"branch","line":13,"loc":{"start":{"line":13,"column":15},"end":{"line":13,"column":31}},"locations":[{"start":{"line":13,"column":15},"end":{"line":13,"column":31}}]},"5":{"type":"branch","line":19,"loc":{"start":{"line":19,"column":2},"end":{"line":25,"column":3}},"locations":[{"start":{"line":19,"column":2},"end":{"line":25,"column":3}}]},"6":{"type":"branch","line":20,"loc":{"start":{"line":20,"column":15},"end":{"line":20,"column":33}},"locations":[{"start":{"line":20,"column":15},"end":{"line":20,"column":33}}]}},"b":{"0":[13],"1":[6],"2":[5],"3":[1],"4":[1],"5":[1],"6":[1]},"fnMap":{"0":{"name":"Pagination","decl":{"start":{"line":4,"column":0},"end":{"line":33,"column":1}},"loc":{"start":{"line":4,"column":0},"end":{"line":33,"column":1}},"line":4},"1":{"name":"onNext","decl":{"start":{"line":12,"column":2},"end":{"line":18,"column":3}},"loc":{"start":{"line":12,"column":2},"end":{"line":18,"column":3}},"line":12},"2":{"name":"onPrev","decl":{"start":{"line":19,"column":2},"end":{"line":25,"column":3}},"loc":{"start":{"line":19,"column":2},"end":{"line":25,"column":3}},"line":19}},"f":{"0":13,"1":1,"2":1}}
,"C:\\PC\\JS\\ReactRS\\ReactRS\\components\\Pokeitem.tsx": {"path":"C:\\PC\\JS\\ReactRS\\ReactRS\\components\\Pokeitem.tsx","all":false,"statementMap":{"0":{"start":{"line":1,"column":0},"end":{"line":1,"column":37}},"1":{"start":{"line":2,"column":0},"end":{"line":2,"column":40}},"2":{"start":{"line":3,"column":0},"end":{"line":3,"column":0}},"3":{"start":{"line":4,"column":0},"end":{"line":4,"column":19}},"4":{"start":{"line":5,"column":0},"end":{"line":5,"column":18}},"5":{"start":{"line":6,"column":0},"end":{"line":6,"column":23}},"6":{"start":{"line":7,"column":0},"end":{"line":7,"column":2}},"7":{"start":{"line":8,"column":0},"end":{"line":8,"column":23}},"8":{"start":{"line":9,"column":0},"end":{"line":9,"column":19}},"9":{"start":{"line":10,"column":0},"end":{"line":10,"column":10}},"10":{"start":{"line":11,"column":0},"end":{"line":11,"column":20}},"11":{"start":{"line":12,"column":0},"end":{"line":12,"column":18}},"12":{"start":{"line":13,"column":0},"end":{"line":13,"column":20}},"13":{"start":{"line":14,"column":0},"end":{"line":14,"column":3}},"14":{"start":{"line":15,"column":0},"end":{"line":15,"column":1}},"15":{"start":{"line":16,"column":0},"end":{"line":16,"column":0}},"16":{"start":{"line":17,"column":0},"end":{"line":17,"column":43}},"17":{"start":{"line":18,"column":0},"end":{"line":18,"column":28}},"18":{"start":{"line":19,"column":0},"end":{"line":19,"column":0}},"19":{"start":{"line":20,"column":0},"end":{"line":20,"column":30}},"20":{"start":{"line":21,"column":0},"end":{"line":21,"column":95}},"21":{"start":{"line":22,"column":0},"end":{"line":22,"column":177}},"22":{"start":{"line":23,"column":0},"end":{"line":23,"column":37}},"23":{"start":{"line":24,"column":0},"end":{"line":24,"column":32}},"24":{"start":{"line":25,"column":0},"end":{"line":25,"column":70}},"25":{"start":{"line":26,"column":0},"end":{"line":26,"column":5}},"26":{"start":{"line":27,"column":0},"end":{"line":27,"column":34}},"27":{"start":{"line":28,"column":0},"end":{"line":28,"column":37}},"28":{"start":{"line":29,"column":0},"end":{"line":29,"column":5}},"29":{"start":{"line":30,"column":0},"end":{"line":30,"column":27}},"30":{"start":{"line":31,"column":0},"end":{"line":31,"column":3}},"31":{"start":{"line":32,"column":0},"end":{"line":32,"column":0}},"32":{"start":{"line":33,"column":0},"end":{"line":33,"column":10}},"33":{"start":{"line":34,"column":0},"end":{"line":34,"column":84}},"34":{"start":{"line":35,"column":0},"end":{"line":35,"column":195}},"35":{"start":{"line":36,"column":0},"end":{"line":36,"column":13}},"36":{"start":{"line":37,"column":0},"end":{"line":37,"column":72}},"37":{"start":{"line":38,"column":0},"end":{"line":38,"column":24}},"38":{"start":{"line":39,"column":0},"end":{"line":39,"column":30}},"39":{"start":{"line":40,"column":0},"end":{"line":40,"column":48}},"40":{"start":{"line":41,"column":0},"end":{"line":41,"column":36}},"41":{"start":{"line":42,"column":0},"end":{"line":42,"column":11}},"42":{"start":{"line":43,"column":0},"end":{"line":43,"column":64}},"43":{"start":{"line":44,"column":0},"end":{"line":44,"column":35}},"44":{"start":{"line":45,"column":0},"end":{"line":45,"column":7}},"45":{"start":{"line":46,"column":0},"end":{"line":46,"column":30}},"46":{"start":{"line":47,"column":0},"end":{"line":47,"column":15}},"47":{"start":{"line":48,"column":0},"end":{"line":48,"column":9}},"48":{"start":{"line":49,"column":0},"end":{"line":49,"column":4}},"49":{"start":{"line":50,"column":0},"end":{"line":50,"column":1}},"50":{"start":{"line":51,"column":0},"end":{"line":51,"column":0}},"51":{"start":{"line":52,"column":0},"end":{"line":52,"column":24}}},"s":{"0":1,"1":1,"2":1,"3":1,"4":1,"5":1,"6":1,"7":1,"8":1,"9":1,"10":1,"11":1,"12":1,"13":1,"14":1,"15":1,"16":49,"17":49,"18":49,"19":49,"20":2,"21":2,"22":2,"23":2,"24":2,"25":2,"26":2,"27":1,"28":1,"29":2,"30":2,"31":49,"32":49,"33":49,"34":49,"35":49,"36":49,"37":49,"38":1,"39":1,"40":1,"41":1,"42":1,"43":1,"44":49,"45":49,"46":49,"47":49,"48":49,"49":49,"50":1,"51":1},"branchMap":{"0":{"type":"branch","line":17,"loc":{"start":{"line":17,"column":0},"end":{"line":50,"column":1}},"locations":[{"start":{"line":17,"column":0},"end":{"line":50,"column":1}}]},"1":{"type":"branch","line":35,"loc":{"start":{"line":35,"column":85},"end":{"line":35,"column":164}},"locations":[{"start":{"line":35,"column":85},"end":{"line":35,"column":164}}]},"2":{"type":"branch","line":35,"loc":{"start":{"line":35,"column":160},"end":{"line":35,"column":171}},"locations":[{"start":{"line":35,"column":160},"end":{"line":35,"column":171}}]},"3":{"type":"branch","line":20,"loc":{"start":{"line":20,"column":2},"end":{"line":31,"column":3}},"locations":[{"start":{"line":20,"column":2},"end":{"line":31,"column":3}}]},"4":{"type":"branch","line":21,"loc":{"start":{"line":21,"column":43},"end":{"line":21,"column":91}},"locations":[{"start":{"line":21,"column":43},"end":{"line":21,"column":91}}]},"5":{"type":"branch","line":21,"loc":{"start":{"line":21,"column":77},"end":{"line":21,"column":93}},"locations":[{"start":{"line":21,"column":77},"end":{"line":21,"column":93}}]},"6":{"type":"branch","line":22,"loc":{"start":{"line":22,"column":66},"end":{"line":22,"column":136}},"locations":[{"start":{"line":22,"column":66},"end":{"line":22,"column":136}}]},"7":{"type":"branch","line":22,"loc":{"start":{"line":22,"column":132},"end":{"line":22,"column":177}},"locations":[{"start":{"line":22,"column":132},"end":{"line":22,"column":177}}]},"8":{"type":"branch","line":27,"loc":{"start":{"line":27,"column":33},"end":{"line":29,"column":5}},"locations":[{"start":{"line":27,"column":33},"end":{"line":29,"column":5}}]},"9":{"type":"branch","line":22,"loc":{"start":{"line":22,"column":88},"end":{"line":22,"column":132}},"locations":[{"start":{"line":22,"column":88},"end":{"line":22,"column":132}}]},"10":{"type":"branch","line":38,"loc":{"start":{"line":38,"column":17},"end":{"line":44,"column":35}},"locations":[{"start":{"line":38,"column":17},"end":{"line":44,"column":35}}]},"11":{"type":"branch","line":43,"loc":{"start":{"line":43,"column":36},"end":{"line":43,"column":64}},"locations":[{"start":{"line":43,"column":36},"end":{"line":43,"column":64}}]}},"b":{"0":[49],"1":[1],"2":[48],"3":[2],"4":[1],"5":[1],"6":[1],"7":[1],"8":[1],"9":[1],"10":[1],"11":[0]},"fnMap":{"0":{"name":"Pokeitem","decl":{"start":{"line":17,"column":0},"end":{"line":50,"column":1}},"loc":{"start":{"line":17,"column":0},"end":{"line":50,"column":1}},"line":17},"1":{"name":"handleSelection","decl":{"start":{"line":20,"column":2},"end":{"line":31,"column":3}},"loc":{"start":{"line":20,"column":2},"end":{"line":31,"column":3}},"line":20},"2":{"name":"onClick","decl":{"start":{"line":38,"column":17},"end":{"line":44,"column":35}},"loc":{"start":{"line":38,"column":17},"end":{"line":44,"column":35}},"line":38}},"f":{"0":49,"1":2,"2":1}}
,"C:\\PC\\JS\\ReactRS\\ReactRS\\components\\Pokelist.tsx": {"path":"C:\\PC\\JS\\ReactRS\\ReactRS\\components\\Pokelist.tsx","all":false,"statementMap":{"0":{"start":{"line":1,"column":0},"end":{"line":1,"column":34}},"1":{"start":{"line":2,"column":0},"end":{"line":2,"column":38}},"2":{"start":{"line":3,"column":0},"end":{"line":3,"column":38}},"3":{"start":{"line":4,"column":0},"end":{"line":4,"column":0}},"4":{"start":{"line":5,"column":0},"end":{"line":5,"column":43}},"5":{"start":{"line":6,"column":0},"end":{"line":6,"column":10}},"6":{"start":{"line":7,"column":0},"end":{"line":7,"column":9}},"7":{"start":{"line":8,"column":0},"end":{"line":8,"column":38}},"8":{"start":{"line":9,"column":0},"end":{"line":9,"column":10}},"9":{"start":{"line":10,"column":0},"end":{"line":10,"column":34}},"10":{"start":{"line":11,"column":0},"end":{"line":11,"column":13}},"11":{"start":{"line":12,"column":0},"end":{"line":12,"column":20}},"12":{"start":{"line":13,"column":0},"end":{"line":13,"column":30}},"13":{"start":{"line":14,"column":0},"end":{"line":14,"column":38}},"14":{"start":{"line":15,"column":0},"end":{"line":15,"column":29}},"15":{"start":{"line":16,"column":0},"end":{"line":16,"column":31}},"16":{"start":{"line":17,"column":0},"end":{"line":17,"column":39}},"17":{"start":{"line":18,"column":0},"end":{"line":18,"column":14}},"18":{"start":{"line":19,"column":0},"end":{"line":19,"column":11}},"19":{"start":{"line":20,"column":0},"end":{"line":20,"column":48}},"20":{"start":{"line":21,"column":0},"end":{"line":21,"column":86}},"21":{"start":{"line":22,"column":0},"end":{"line":22,"column":15}},"22":{"start":{"line":23,"column":0},"end":{"line":23,"column":15}},"23":{"start":{"line":24,"column":0},"end":{"line":24,"column":11}},"24":{"start":{"line":25,"column":0},"end":{"line":25,"column":11}},"25":{"start":{"line":26,"column":0},"end":{"line":26,"column":33}},"26":{"start":{"line":27,"column":0},"end":{"line":27,"column":8}},"27":{"start":{"line":28,"column":0},"end":{"line":28,"column":56}},"28":{"start":{"line":29,"column":0},"end":{"line":29,"column":10}},"29":{"start":{"line":30,"column":0},"end":{"line":30,"column":4}},"30":{"start":{"line":31,"column":0},"end":{"line":31,"column":1}},"31":{"start":{"line":32,"column":0},"end":{"line":32,"column":0}},"32":{"start":{"line":33,"column":0},"end":{"line":33,"column":24}}},"s":{"0":1,"1":1,"2":1,"3":1,"4":4,"5":4,"6":4,"7":4,"8":3,"9":3,"10":3,"11":3,"12":3,"13":3,"14":3,"15":3,"16":3,"17":3,"18":3,"19":3,"20":3,"21":3,"22":3,"23":3,"24":3,"25":4,"26":4,"27":4,"28":4,"29":4,"30":4,"31":1,"32":1},"branchMap":{"0":{"type":"branch","line":5,"loc":{"start":{"line":5,"column":0},"end":{"line":31,"column":1}},"locations":[{"start":{"line":5,"column":0},"end":{"line":31,"column":1}}]},"1":{"type":"branch","line":8,"loc":{"start":{"line":8,"column":33},"end":{"line":26,"column":9}},"locations":[{"start":{"line":8,"column":33},"end":{"line":26,"column":9}}]},"2":{"type":"branch","line":20,"loc":{"start":{"line":20,"column":34},"end":{"line":21,"column":57}},"locations":[{"start":{"line":20,"column":34},"end":{"line":21,"column":57}}]}},"b":{"0":[4],"1":[3],"2":[22]},"fnMap":{"0":{"name":"Pokelist","decl":{"start":{"line":5,"column":0},"end":{"line":31,"column":1}},"loc":{"start":{"line":5,"column":0},"end":{"line":31,"column":1}},"line":5}},"f":{"0":4}}
,"C:\\PC\\JS\\ReactRS\\ReactRS\\components\\SearchComponent.tsx": {"path":"C:\\PC\\JS\\ReactRS\\ReactRS\\components\\SearchComponent.tsx","all":false,"statementMap":{"0":{"start":{"line":1,"column":0},"end":{"line":1,"column":0}},"1":{"start":{"line":2,"column":0},"end":{"line":2,"column":44}},"2":{"start":{"line":3,"column":0},"end":{"line":3,"column":40}},"3":{"start":{"line":4,"column":0},"end":{"line":4,"column":48}},"4":{"start":{"line":5,"column":0},"end":{"line":5,"column":44}},"5":{"start":{"line":6,"column":0},"end":{"line":6,"column":0}},"6":{"start":{"line":7,"column":0},"end":{"line":7,"column":16}},"7":{"start":{"line":8,"column":0},"end":{"line":8,"column":19}},"8":{"start":{"line":9,"column":0},"end":{"line":9,"column":10}},"9":{"start":{"line":10,"column":0},"end":{"line":10,"column":20}},"10":{"start":{"line":11,"column":0},"end":{"line":11,"column":16}},"11":{"start":{"line":12,"column":0},"end":{"line":12,"column":3}},"12":{"start":{"line":13,"column":0},"end":{"line":13,"column":1}},"13":{"start":{"line":14,"column":0},"end":{"line":14,"column":0}},"14":{"start":{"line":15,"column":0},"end":{"line":15,"column":28}},"15":{"start":{"line":16,"column":0},"end":{"line":16,"column":29}},"16":{"start":{"line":17,"column":0},"end":{"line":17,"column":61}},"17":{"start":{"line":18,"column":0},"end":{"line":18,"column":61}},"18":{"start":{"line":19,"column":0},"end":{"line":19,"column":70}},"19":{"start":{"line":20,"column":0},"end":{"line":20,"column":35}},"20":{"start":{"line":21,"column":0},"end":{"line":21,"column":3}},"21":{"start":{"line":22,"column":0},"end":{"line":22,"column":0}},"22":{"start":{"line":23,"column":0},"end":{"line":23,"column":19}},"23":{"start":{"line":24,"column":0},"end":{"line":24,"column":71}},"24":{"start":{"line":25,"column":0},"end":{"line":25,"column":27}},"25":{"start":{"line":26,"column":0},"end":{"line":26,"column":0}},"26":{"start":{"line":27,"column":0},"end":{"line":27,"column":27}},"27":{"start":{"line":28,"column":0},"end":{"line":28,"column":30}},"28":{"start":{"line":29,"column":0},"end":{"line":29,"column":32}},"29":{"start":{"line":30,"column":0},"end":{"line":30,"column":60}},"30":{"start":{"line":31,"column":0},"end":{"line":31,"column":5}},"31":{"start":{"line":32,"column":0},"end":{"line":32,"column":29}},"32":{"start":{"line":33,"column":0},"end":{"line":33,"column":36}},"33":{"start":{"line":34,"column":0},"end":{"line":34,"column":5}},"34":{"start":{"line":35,"column":0},"end":{"line":35,"column":28}},"35":{"start":{"line":36,"column":0},"end":{"line":36,"column":3}},"36":{"start":{"line":37,"column":0},"end":{"line":37,"column":18}},"37":{"start":{"line":38,"column":0},"end":{"line":38,"column":111}},"38":{"start":{"line":39,"column":0},"end":{"line":39,"column":3}},"39":{"start":{"line":40,"column":0},"end":{"line":40,"column":0}},"40":{"start":{"line":41,"column":0},"end":{"line":41,"column":10}},"41":{"start":{"line":42,"column":0},"end":{"line":42,"column":6}},"42":{"start":{"line":43,"column":0},"end":{"line":43,"column":158}},"43":{"start":{"line":44,"column":0},"end":{"line":44,"column":119}},"44":{"start":{"line":45,"column":0},"end":{"line":45,"column":30}},"45":{"start":{"line":46,"column":0},"end":{"line":46,"column":29}},"46":{"start":{"line":47,"column":0},"end":{"line":47,"column":67}},"47":{"start":{"line":48,"column":0},"end":{"line":48,"column":31}},"48":{"start":{"line":49,"column":0},"end":{"line":49,"column":12}},"49":{"start":{"line":50,"column":0},"end":{"line":50,"column":21}},"50":{"start":{"line":51,"column":0},"end":{"line":51,"column":21}},"51":{"start":{"line":52,"column":0},"end":{"line":52,"column":42}},"52":{"start":{"line":53,"column":0},"end":{"line":53,"column":27}},"53":{"start":{"line":54,"column":0},"end":{"line":54,"column":36}},"54":{"start":{"line":55,"column":0},"end":{"line":55,"column":8}},"55":{"start":{"line":56,"column":0},"end":{"line":56,"column":51}},"56":{"start":{"line":57,"column":0},"end":{"line":57,"column":14}},"57":{"start":{"line":58,"column":0},"end":{"line":58,"column":15}},"58":{"start":{"line":59,"column":0},"end":{"line":59,"column":12}},"59":{"start":{"line":60,"column":0},"end":{"line":60,"column":7}},"60":{"start":{"line":61,"column":0},"end":{"line":61,"column":4}},"61":{"start":{"line":62,"column":0},"end":{"line":62,"column":1}},"62":{"start":{"line":63,"column":0},"end":{"line":63,"column":0}},"63":{"start":{"line":64,"column":0},"end":{"line":64,"column":31}}},"s":{"0":1,"1":1,"2":1,"3":1,"4":1,"5":1,"6":1,"7":1,"8":1,"9":1,"10":1,"11":1,"12":1,"13":1,"14":9,"15":9,"16":9,"17":9,"18":9,"19":0,"20":0,"21":9,"22":9,"23":5,"24":9,"25":9,"26":9,"27":0,"28":0,"29":0,"30":0,"31":0,"32":0,"33":0,"34":0,"35":0,"36":9,"37":0,"38":0,"39":9,"40":9,"41":9,"42":9,"43":9,"44":9,"45":0,"46":9,"47":9,"48":9,"49":9,"50":9,"51":9,"52":9,"53":9,"54":9,"55":9,"56":9,"57":9,"58":9,"59":9,"60":9,"61":9,"62":1,"63":1},"branchMap":{"0":{"type":"branch","line":15,"loc":{"start":{"line":15,"column":0},"end":{"line":62,"column":1}},"locations":[{"start":{"line":15,"column":0},"end":{"line":62,"column":1}}]},"1":{"type":"branch","line":37,"loc":{"start":{"line":37,"column":17},"end":{"line":39,"column":3}},"locations":[{"start":{"line":37,"column":17},"end":{"line":39,"column":3}}]},"2":{"type":"branch","line":23,"loc":{"start":{"line":23,"column":12},"end":{"line":25,"column":5}},"locations":[{"start":{"line":23,"column":12},"end":{"line":25,"column":5}}]},"3":{"type":"branch","line":24,"loc":{"start":{"line":24,"column":28},"end":{"line":24,"column":71}},"locations":[{"start":{"line":24,"column":28},"end":{"line":24,"column":71}}]}},"b":{"0":[9],"1":[0],"2":[5],"3":[0]},"fnMap":{"0":{"name":"SearchComponent","decl":{"start":{"line":15,"column":0},"end":{"line":62,"column":1}},"loc":{"start":{"line":15,"column":0},"end":{"line":62,"column":1}},"line":15},"1":{"name":"handleInputChange","decl":{"start":{"line":19,"column":2},"end":{"line":21,"column":3}},"loc":{"start":{"line":19,"column":2},"end":{"line":21,"column":3}},"line":19},"2":{"name":"handleSearch","decl":{"start":{"line":27,"column":2},"end":{"line":36,"column":3}},"loc":{"start":{"line":27,"column":2},"end":{"line":36,"column":3}},"line":27},"3":{"name":"onClick","decl":{"start":{"line":45,"column":23},"end":{"line":46,"column":29}},"loc":{"start":{"line":45,"column":23},"end":{"line":46,"column":29}},"line":45}},"f":{"0":9,"1":0,"2":0,"3":0}}
,"C:\\PC\\JS\\ReactRS\\ReactRS\\components\\SelectedFlyoutEl.tsx": {"path":"C:\\PC\\JS\\ReactRS\\ReactRS\\components\\SelectedFlyoutEl.tsx","all":false,"statementMap":{"0":{"start":{"line":1,"column":0},"end":{"line":1,"column":40}},"1":{"start":{"line":2,"column":0},"end":{"line":2,"column":37}},"2":{"start":{"line":3,"column":0},"end":{"line":3,"column":54}},"3":{"start":{"line":4,"column":0},"end":{"line":4,"column":45}},"4":{"start":{"line":5,"column":0},"end":{"line":5,"column":0}},"5":{"start":{"line":6,"column":0},"end":{"line":6,"column":63}},"6":{"start":{"line":7,"column":0},"end":{"line":7,"column":29}},"7":{"start":{"line":8,"column":0},"end":{"line":8,"column":41}},"8":{"start":{"line":9,"column":0},"end":{"line":9,"column":29}},"9":{"start":{"line":10,"column":0},"end":{"line":10,"column":80}},"10":{"start":{"line":11,"column":0},"end":{"line":11,"column":45}},"11":{"start":{"line":12,"column":0},"end":{"line":12,"column":63}},"12":{"start":{"line":13,"column":0},"end":{"line":13,"column":55}},"13":{"start":{"line":14,"column":0},"end":{"line":14,"column":6}},"14":{"start":{"line":15,"column":0},"end":{"line":15,"column":5}},"15":{"start":{"line":16,"column":0},"end":{"line":16,"column":44}},"16":{"start":{"line":17,"column":0},"end":{"line":17,"column":67}},"17":{"start":{"line":18,"column":0},"end":{"line":18,"column":0}},"18":{"start":{"line":19,"column":0},"end":{"line":19,"column":29}},"19":{"start":{"line":20,"column":0},"end":{"line":20,"column":24}},"20":{"start":{"line":21,"column":0},"end":{"line":21,"column":32}},"21":{"start":{"line":22,"column":0},"end":{"line":22,"column":14}},"22":{"start":{"line":23,"column":0},"end":{"line":23,"column":23}},"23":{"start":{"line":24,"column":0},"end":{"line":24,"column":7}},"24":{"start":{"line":25,"column":0},"end":{"line":25,"column":5}},"25":{"start":{"line":26,"column":0},"end":{"line":26,"column":36}},"26":{"start":{"line":27,"column":0},"end":{"line":27,"column":27}},"27":{"start":{"line":28,"column":0},"end":{"line":28,"column":3}},"28":{"start":{"line":29,"column":0},"end":{"line":29,"column":88}},"29":{"start":{"line":30,"column":0},"end":{"line":30,"column":54}},"30":{"start":{"line":31,"column":0},"end":{"line":31,"column":9}},"31":{"start":{"line":32,"column":0},"end":{"line":32,"column":116}},"32":{"start":{"line":33,"column":0},"end":{"line":33,"column":124}},"33":{"start":{"line":34,"column":0},"end":{"line":34,"column":47}},"34":{"start":{"line":35,"column":0},"end":{"line":35,"column":10}},"35":{"start":{"line":36,"column":0},"end":{"line":36,"column":11}},"36":{"start":{"line":37,"column":0},"end":{"line":37,"column":1}},"37":{"start":{"line":38,"column":0},"end":{"line":38,"column":0}},"38":{"start":{"line":39,"column":0},"end":{"line":39,"column":32}}},"s":{"0":1,"1":1,"2":1,"3":1,"4":1,"5":2,"6":2,"7":2,"8":2,"9":2,"10":2,"11":2,"12":2,"13":2,"14":2,"15":2,"16":2,"17":2,"18":2,"19":0,"20":0,"21":0,"22":0,"23":0,"24":0,"25":0,"26":0,"27":0,"28":2,"29":2,"30":2,"31":2,"32":2,"33":2,"34":2,"35":2,"36":2,"37":1,"38":1},"branchMap":{"0":{"type":"branch","line":6,"loc":{"start":{"line":6,"column":0},"end":{"line":37,"column":1}},"locations":[{"start":{"line":6,"column":0},"end":{"line":37,"column":1}}]},"1":{"type":"branch","line":29,"loc":{"start":{"line":29,"column":64},"end":{"line":29,"column":82}},"locations":[{"start":{"line":29,"column":64},"end":{"line":29,"column":82}}]},"2":{"type":"branch","line":33,"loc":{"start":{"line":33,"column":104},"end":{"line":33,"column":114}},"locations":[{"start":{"line":33,"column":104},"end":{"line":33,"column":114}}]},"3":{"type":"branch","line":11,"loc":{"start":{"line":11,"column":28},"end":{"line":14,"column":6}},"locations":[{"start":{"line":11,"column":28},"end":{"line":14,"column":6}}]},"4":{"type":"branch","line":12,"loc":{"start":{"line":12,"column":39},"end":{"line":12,"column":63}},"locations":[{"start":{"line":12,"column":39},"end":{"line":12,"column":63}}]}},"b":{"0":[2],"1":[0],"2":[0],"3":[2],"4":[2]},"fnMap":{"0":{"name":"SelectedFlyoutEl","decl":{"start":{"line":6,"column":0},"end":{"line":37,"column":1}},"loc":{"start":{"line":6,"column":0},"end":{"line":37,"column":1}},"line":6},"1":{"name":"handleUnselect","decl":{"start":{"line":19,"column":2},"end":{"line":28,"column":3}},"loc":{"start":{"line":19,"column":2},"end":{"line":28,"column":3}},"line":19}},"f":{"0":2,"1":0}}
,"C:\\PC\\JS\\ReactRS\\ReactRS\\components\\SpecialLayout.tsx": {"path":"C:\\PC\\JS\\ReactRS\\ReactRS\\components\\SpecialLayout.tsx","all":false,"statementMap":{"0":{"start":{"line":1,"column":0},"end":{"line":1,"column":48}},"1":{"start":{"line":2,"column":0},"end":{"line":2,"column":34}},"2":{"start":{"line":3,"column":0},"end":{"line":3,"column":45}},"3":{"start":{"line":4,"column":0},"end":{"line":4,"column":50}},"4":{"start":{"line":5,"column":0},"end":{"line":5,"column":0}},"5":{"start":{"line":6,"column":0},"end":{"line":6,"column":39}},"6":{"start":{"line":7,"column":0},"end":{"line":7,"column":11}},"7":{"start":{"line":8,"column":0},"end":{"line":8,"column":8}},"8":{"start":{"line":9,"column":0},"end":{"line":9,"column":8}},"9":{"start":{"line":10,"column":0},"end":{"line":10,"column":4}},"10":{"start":{"line":11,"column":0},"end":{"line":11,"column":28}},"11":{"start":{"line":12,"column":0},"end":{"line":12,"column":21}},"12":{"start":{"line":13,"column":0},"end":{"line":13,"column":17}},"13":{"start":{"line":14,"column":0},"end":{"line":14,"column":4}},"14":{"start":{"line":15,"column":0},"end":{"line":15,"column":48}},"15":{"start":{"line":16,"column":0},"end":{"line":16,"column":44}},"16":{"start":{"line":17,"column":0},"end":{"line":17,"column":46}},"17":{"start":{"line":18,"column":0},"end":{"line":18,"column":111}},"18":{"start":{"line":19,"column":0},"end":{"line":19,"column":50}},"19":{"start":{"line":20,"column":0},"end":{"line":20,"column":123}},"20":{"start":{"line":21,"column":0},"end":{"line":21,"column":91}},"21":{"start":{"line":22,"column":0},"end":{"line":22,"column":81}},"22":{"start":{"line":23,"column":0},"end":{"line":23,"column":21}},"23":{"start":{"line":24,"column":0},"end":{"line":24,"column":10}},"24":{"start":{"line":25,"column":0},"end":{"line":25,"column":10}},"25":{"start":{"line":26,"column":0},"end":{"line":26,"column":67}},"26":{"start":{"line":27,"column":0},"end":{"line":27,"column":64}},"27":{"start":{"line":28,"column":0},"end":{"line":28,"column":27}},"28":{"start":{"line":29,"column":0},"end":{"line":29,"column":15}},"29":{"start":{"line":30,"column":0},"end":{"line":30,"column":11}},"30":{"start":{"line":31,"column":0},"end":{"line":31,"column":16}},"31":{"start":{"line":32,"column":0},"end":{"line":32,"column":60}},"32":{"start":{"line":33,"column":0},"end":{"line":33,"column":65}},"33":{"start":{"line":34,"column":0},"end":{"line":34,"column":10}},"34":{"start":{"line":35,"column":0},"end":{"line":35,"column":7}},"35":{"start":{"line":36,"column":0},"end":{"line":36,"column":12}},"36":{"start":{"line":37,"column":0},"end":{"line":37,"column":18}},"37":{"start":{"line":38,"column":0},"end":{"line":38,"column":28}},"38":{"start":{"line":39,"column":0},"end":{"line":39,"column":37}},"39":{"start":{"line":40,"column":0},"end":{"line":40,"column":25}},"40":{"start":{"line":41,"column":0},"end":{"line":41,"column":33}},"41":{"start":{"line":42,"column":0},"end":{"line":42,"column":13}},"42":{"start":{"line":43,"column":0},"end":{"line":43,"column":81}},"43":{"start":{"line":44,"column":0},"end":{"line":44,"column":18}},"44":{"start":{"line":45,"column":0},"end":{"line":45,"column":14}},"45":{"start":{"line":46,"column":0},"end":{"line":46,"column":62}},"46":{"start":{"line":47,"column":0},"end":{"line":47,"column":13}},"47":{"start":{"line":48,"column":0},"end":{"line":48,"column":11}},"48":{"start":{"line":49,"column":0},"end":{"line":49,"column":4}},"49":{"start":{"line":50,"column":0},"end":{"line":50,"column":1}}},"s":{"0":1,"1":1,"2":1,"3":1,"4":1,"5":1,"6":4,"7":4,"8":4,"9":4,"10":4,"11":4,"12":4,"13":4,"14":4,"15":4,"16":4,"17":4,"18":4,"19":0,"20":4,"21":4,"22":0,"23":4,"24":4,"25":4,"26":4,"27":4,"28":4,"29":4,"30":4,"31":4,"32":4,"33":4,"34":4,"35":4,"36":4,"37":4,"38":4,"39":4,"40":4,"41":4,"42":4,"43":4,"44":4,"45":4,"46":4,"47":4,"48":4,"49":4},"branchMap":{"0":{"type":"branch","line":6,"loc":{"start":{"line":6,"column":15},"end":{"line":50,"column":1}},"locations":[{"start":{"line":6,"column":15},"end":{"line":50,"column":1}}]},"1":{"type":"branch","line":15,"loc":{"start":{"line":15,"column":29},"end":{"line":15,"column":48}},"locations":[{"start":{"line":15,"column":29},"end":{"line":15,"column":48}}]},"2":{"type":"branch","line":18,"loc":{"start":{"line":18,"column":29},"end":{"line":18,"column":106}},"locations":[{"start":{"line":18,"column":29},"end":{"line":18,"column":106}}]},"3":{"type":"branch","line":19,"loc":{"start":{"line":19,"column":23},"end":{"line":19,"column":50}},"locations":[{"start":{"line":19,"column":23},"end":{"line":19,"column":50}}]},"4":{"type":"branch","line":19,"loc":{"start":{"line":19,"column":38},"end":{"line":20,"column":123}},"locations":[{"start":{"line":19,"column":38},"end":{"line":20,"column":123}}]},"5":{"type":"branch","line":21,"loc":{"start":{"line":21,"column":2},"end":{"line":21,"column":91}},"locations":[{"start":{"line":21,"column":2},"end":{"line":21,"column":91}}]},"6":{"type":"branch","line":22,"loc":{"start":{"line":22,"column":68},"end":{"line":23,"column":21}},"locations":[{"start":{"line":22,"column":68},"end":{"line":23,"column":21}}]},"7":{"type":"branch","line":26,"loc":{"start":{"line":26,"column":52},"end":{"line":26,"column":64}},"locations":[{"start":{"line":26,"column":52},"end":{"line":26,"column":64}}]},"8":{"type":"branch","line":32,"loc":{"start":{"line":32,"column":40},"end":{"line":32,"column":60}},"locations":[{"start":{"line":32,"column":40},"end":{"line":32,"column":60}}]},"9":{"type":"branch","line":33,"loc":{"start":{"line":33,"column":46},"end":{"line":33,"column":65}},"locations":[{"start":{"line":33,"column":46},"end":{"line":33,"column":65}}]},"10":{"type":"branch","line":18,"loc":{"start":{"line":18,"column":57},"end":{"line":18,"column":106}},"locations":[{"start":{"line":18,"column":57},"end":{"line":18,"column":106}}]},"11":{"type":"branch","line":20,"loc":{"start":{"line":20,"column":15},"end":{"line":20,"column":62}},"locations":[{"start":{"line":20,"column":15},"end":{"line":20,"column":62}}]}},"b":{"0":[4],"1":[0],"2":[0],"3":[0],"4":[0],"5":[0],"6":[0],"7":[0],"8":[0],"9":[0],"10":[6],"11":[6]},"fnMap":{"0":{"name":"SpecialLayout","decl":{"start":{"line":6,"column":15},"end":{"line":50,"column":1}},"loc":{"start":{"line":6,"column":15},"end":{"line":50,"column":1}},"line":6}},"f":{"0":4}}
,"C:\\PC\\JS\\ReactRS\\ReactRS\\components\\SwitchComponent.tsx": {"path":"C:\\PC\\JS\\ReactRS\\ReactRS\\components\\SwitchComponent.tsx","all":false,"statementMap":{"0":{"start":{"line":1,"column":0},"end":{"line":1,"column":40}},"1":{"start":{"line":2,"column":0},"end":{"line":2,"column":33}},"2":{"start":{"line":3,"column":0},"end":{"line":3,"column":24}},"3":{"start":{"line":4,"column":0},"end":{"line":4,"column":32}},"4":{"start":{"line":5,"column":0},"end":{"line":5,"column":26}},"5":{"start":{"line":6,"column":0},"end":{"line":6,"column":27}},"6":{"start":{"line":7,"column":0},"end":{"line":7,"column":27}},"7":{"start":{"line":8,"column":0},"end":{"line":8,"column":20}},"8":{"start":{"line":9,"column":0},"end":{"line":9,"column":1}},"9":{"start":{"line":10,"column":0},"end":{"line":10,"column":0}},"10":{"start":{"line":11,"column":0},"end":{"line":11,"column":126}},"11":{"start":{"line":12,"column":0},"end":{"line":12,"column":29}},"12":{"start":{"line":13,"column":0},"end":{"line":13,"column":40}},"13":{"start":{"line":14,"column":0},"end":{"line":14,"column":24}},"14":{"start":{"line":15,"column":0},"end":{"line":15,"column":32}},"15":{"start":{"line":16,"column":0},"end":{"line":16,"column":44}},"16":{"start":{"line":17,"column":0},"end":{"line":17,"column":5}},"17":{"start":{"line":18,"column":0},"end":{"line":18,"column":27}},"18":{"start":{"line":19,"column":0},"end":{"line":19,"column":3}},"19":{"start":{"line":20,"column":0},"end":{"line":20,"column":87}},"20":{"start":{"line":21,"column":0},"end":{"line":21,"column":10}},"21":{"start":{"line":22,"column":0},"end":{"line":22,"column":6}},"22":{"start":{"line":23,"column":0},"end":{"line":23,"column":42}},"23":{"start":{"line":24,"column":0},"end":{"line":24,"column":35}},"24":{"start":{"line":25,"column":0},"end":{"line":25,"column":114}},"25":{"start":{"line":26,"column":0},"end":{"line":26,"column":119}},"26":{"start":{"line":27,"column":0},"end":{"line":27,"column":16}},"27":{"start":{"line":28,"column":0},"end":{"line":28,"column":12}},"28":{"start":{"line":29,"column":0},"end":{"line":29,"column":63}},"29":{"start":{"line":30,"column":0},"end":{"line":30,"column":173}},"30":{"start":{"line":31,"column":0},"end":{"line":31,"column":174}},"31":{"start":{"line":32,"column":0},"end":{"line":32,"column":12}},"32":{"start":{"line":33,"column":0},"end":{"line":33,"column":7}},"33":{"start":{"line":34,"column":0},"end":{"line":34,"column":4}},"34":{"start":{"line":35,"column":0},"end":{"line":35,"column":1}},"35":{"start":{"line":36,"column":0},"end":{"line":36,"column":0}},"36":{"start":{"line":37,"column":0},"end":{"line":37,"column":31}}},"s":{"0":1,"1":1,"2":1,"3":1,"4":1,"5":1,"6":1,"7":1,"8":1,"9":1,"10":9,"11":9,"12":9,"13":0,"14":0,"15":0,"16":0,"17":0,"18":0,"19":9,"20":9,"21":9,"22":9,"23":9,"24":9,"25":9,"26":9,"27":9,"28":9,"29":9,"30":9,"31":9,"32":9,"33":9,"34":9,"35":1,"36":1},"branchMap":{"0":{"type":"branch","line":11,"loc":{"start":{"line":11,"column":0},"end":{"line":35,"column":1}},"locations":[{"start":{"line":11,"column":0},"end":{"line":35,"column":1}}]},"1":{"type":"branch","line":20,"loc":{"start":{"line":20,"column":63},"end":{"line":20,"column":79}},"locations":[{"start":{"line":20,"column":63},"end":{"line":20,"column":79}}]},"2":{"type":"branch","line":30,"loc":{"start":{"line":30,"column":50},"end":{"line":30,"column":84}},"locations":[{"start":{"line":30,"column":50},"end":{"line":30,"column":84}}]},"3":{"type":"branch","line":31,"loc":{"start":{"line":31,"column":40},"end":{"line":31,"column":66}},"locations":[{"start":{"line":31,"column":40},"end":{"line":31,"column":66}}]}},"b":{"0":[9],"1":[0],"2":[0],"3":[0]},"fnMap":{"0":{"name":"SwitchComponent","decl":{"start":{"line":11,"column":0},"end":{"line":35,"column":1}},"loc":{"start":{"line":11,"column":0},"end":{"line":35,"column":1}},"line":11},"1":{"name":"queryControl","decl":{"start":{"line":13,"column":2},"end":{"line":19,"column":3}},"loc":{"start":{"line":13,"column":2},"end":{"line":19,"column":3}},"line":13},"2":{"name":"onChange","decl":{"start":{"line":25,"column":103},"end":{"line":25,"column":114}},"loc":{"start":{"line":25,"column":103},"end":{"line":25,"column":114}},"line":25},"3":{"name":"onChange","decl":{"start":{"line":26,"column":108},"end":{"line":26,"column":119}},"loc":{"start":{"line":26,"column":108},"end":{"line":26,"column":119}},"line":26},"4":{"name":"onClick","decl":{"start":{"line":30,"column":97},"end":{"line":30,"column":148}},"loc":{"start":{"line":30,"column":97},"end":{"line":30,"column":148}},"line":30},"5":{"name":"onClick","decl":{"start":{"line":31,"column":95},"end":{"line":31,"column":144}},"loc":{"start":{"line":31,"column":95},"end":{"line":31,"column":144}},"line":31}},"f":{"0":9,"1":0,"2":0,"3":0,"4":0,"5":0}}
,"C:\\PC\\JS\\ReactRS\\ReactRS\\pages\\404.tsx": {"path":"C:\\PC\\JS\\ReactRS\\ReactRS\\pages\\404.tsx","all":false,"statementMap":{"0":{"start":{"line":1,"column":0},"end":{"line":1,"column":22}},"1":{"start":{"line":2,"column":0},"end":{"line":2,"column":10}},"2":{"start":{"line":3,"column":0},"end":{"line":3,"column":64}},"3":{"start":{"line":4,"column":0},"end":{"line":4,"column":31}},"4":{"start":{"line":5,"column":0},"end":{"line":5,"column":52}},"5":{"start":{"line":6,"column":0},"end":{"line":6,"column":14}},"6":{"start":{"line":7,"column":0},"end":{"line":7,"column":4}},"7":{"start":{"line":8,"column":0},"end":{"line":8,"column":1}},"8":{"start":{"line":9,"column":0},"end":{"line":9,"column":0}},"9":{"start":{"line":10,"column":0},"end":{"line":10,"column":25}}},"s":{"0":1,"1":1,"2":1,"3":1,"4":1,"5":1,"6":1,"7":1,"8":1,"9":1},"branchMap":{"0":{"type":"branch","line":1,"loc":{"start":{"line":1,"column":0},"end":{"line":8,"column":1}},"locations":[{"start":{"line":1,"column":0},"end":{"line":8,"column":1}}]}},"b":{"0":[1]},"fnMap":{"0":{"name":"ErrorPage","decl":{"start":{"line":1,"column":0},"end":{"line":8,"column":1}},"loc":{"start":{"line":1,"column":0},"end":{"line":8,"column":1}},"line":1}},"f":{"0":1}}
,"C:\\PC\\JS\\ReactRS\\ReactRS\\pages\\[name].tsx": {"path":"C:\\PC\\JS\\ReactRS\\ReactRS\\pages\\[name].tsx","all":false,"statementMap":{"0":{"start":{"line":1,"column":0},"end":{"line":1,"column":56}},"1":{"start":{"line":2,"column":0},"end":{"line":2,"column":56}},"2":{"start":{"line":3,"column":0},"end":{"line":3,"column":68}},"3":{"start":{"line":4,"column":0},"end":{"line":4,"column":49}},"4":{"start":{"line":5,"column":0},"end":{"line":5,"column":30}},"5":{"start":{"line":6,"column":0},"end":{"line":6,"column":0}},"6":{"start":{"line":7,"column":0},"end":{"line":7,"column":81}},"7":{"start":{"line":8,"column":0},"end":{"line":8,"column":36}},"8":{"start":{"line":9,"column":0},"end":{"line":9,"column":73}},"9":{"start":{"line":10,"column":0},"end":{"line":10,"column":47}},"10":{"start":{"line":11,"column":0},"end":{"line":11,"column":73}},"11":{"start":{"line":12,"column":0},"end":{"line":12,"column":12}},"12":{"start":{"line":13,"column":0},"end":{"line":13,"column":14}},"13":{"start":{"line":14,"column":0},"end":{"line":14,"column":21}},"14":{"start":{"line":15,"column":0},"end":{"line":15,"column":7}},"15":{"start":{"line":16,"column":0},"end":{"line":16,"column":6}},"16":{"start":{"line":17,"column":0},"end":{"line":17,"column":3}},"17":{"start":{"line":18,"column":0},"end":{"line":18,"column":78}},"18":{"start":{"line":19,"column":0},"end":{"line":19,"column":2}},"19":{"start":{"line":20,"column":0},"end":{"line":20,"column":0}},"20":{"start":{"line":21,"column":0},"end":{"line":21,"column":108}},"21":{"start":{"line":22,"column":0},"end":{"line":22,"column":24}},"22":{"start":{"line":23,"column":0},"end":{"line":23,"column":23}},"23":{"start":{"line":24,"column":0},"end":{"line":24,"column":3}},"24":{"start":{"line":25,"column":0},"end":{"line":25,"column":14}},"25":{"start":{"line":26,"column":0},"end":{"line":26,"column":50}},"26":{"start":{"line":27,"column":0},"end":{"line":27,"column":8}},"27":{"start":{"line":28,"column":0},"end":{"line":28,"column":14}},"28":{"start":{"line":29,"column":0},"end":{"line":29,"column":28}},"29":{"start":{"line":30,"column":0},"end":{"line":30,"column":29}},"30":{"start":{"line":31,"column":0},"end":{"line":31,"column":60}},"31":{"start":{"line":32,"column":0},"end":{"line":32,"column":65}},"32":{"start":{"line":33,"column":0},"end":{"line":33,"column":23}},"33":{"start":{"line":34,"column":0},"end":{"line":34,"column":27}},"34":{"start":{"line":35,"column":0},"end":{"line":35,"column":24}},"35":{"start":{"line":36,"column":0},"end":{"line":36,"column":23}},"36":{"start":{"line":37,"column":0},"end":{"line":37,"column":8}},"37":{"start":{"line":38,"column":0},"end":{"line":38,"column":5}},"38":{"start":{"line":39,"column":0},"end":{"line":39,"column":35}},"39":{"start":{"line":40,"column":0},"end":{"line":40,"column":9}},"40":{"start":{"line":41,"column":0},"end":{"line":41,"column":45}},"41":{"start":{"line":42,"column":0},"end":{"line":42,"column":10}},"42":{"start":{"line":43,"column":0},"end":{"line":43,"column":10}},"43":{"start":{"line":44,"column":0},"end":{"line":44,"column":61}},"44":{"start":{"line":45,"column":0},"end":{"line":45,"column":18}},"45":{"start":{"line":46,"column":0},"end":{"line":46,"column":51}},"46":{"start":{"line":47,"column":0},"end":{"line":47,"column":8}},"47":{"start":{"line":48,"column":0},"end":{"line":48,"column":41}},"48":{"start":{"line":49,"column":0},"end":{"line":49,"column":31}},"49":{"start":{"line":50,"column":0},"end":{"line":50,"column":12}},"50":{"start":{"line":51,"column":0},"end":{"line":51,"column":26}},"51":{"start":{"line":52,"column":0},"end":{"line":52,"column":4}},"52":{"start":{"line":53,"column":0},"end":{"line":53,"column":1}},"53":{"start":{"line":54,"column":0},"end":{"line":54,"column":0}},"54":{"start":{"line":55,"column":0},"end":{"line":55,"column":31}}},"s":{"0":1,"1":1,"2":1,"3":1,"4":1,"5":1,"6":1,"7":0,"8":0,"9":0,"10":0,"11":0,"12":0,"13":0,"14":0,"15":0,"16":0,"17":0,"18":0,"19":1,"20":1,"21":1,"22":0,"23":0,"24":1,"25":1,"26":1,"27":1,"28":1,"29":1,"30":1,"31":1,"32":1,"33":1,"34":1,"35":1,"36":1,"37":1,"38":1,"39":1,"40":1,"41":1,"42":1,"43":1,"44":1,"45":1,"46":1,"47":1,"48":1,"49":1,"50":1,"51":1,"52":1,"53":1,"54":1},"branchMap":{"0":{"type":"branch","line":21,"loc":{"start":{"line":21,"column":0},"end":{"line":53,"column":1}},"locations":[{"start":{"line":21,"column":0},"end":{"line":53,"column":1}}]},"1":{"type":"branch","line":22,"loc":{"start":{"line":22,"column":23},"end":{"line":24,"column":3}},"locations":[{"start":{"line":22,"column":23},"end":{"line":24,"column":3}}]},"2":{"type":"branch","line":31,"loc":{"start":{"line":31,"column":40},"end":{"line":31,"column":60}},"locations":[{"start":{"line":31,"column":40},"end":{"line":31,"column":60}}]},"3":{"type":"branch","line":32,"loc":{"start":{"line":32,"column":45},"end":{"line":32,"column":65}},"locations":[{"start":{"line":32,"column":45},"end":{"line":32,"column":65}}]}},"b":{"0":[1],"1":[0],"2":[0],"3":[0]},"fnMap":{"0":{"name":"getServerSideProps","decl":{"start":{"line":7,"column":34},"end":{"line":19,"column":2}},"loc":{"start":{"line":7,"column":34},"end":{"line":19,"column":2}},"line":7},"1":{"name":"DescriptionCard","decl":{"start":{"line":21,"column":0},"end":{"line":53,"column":1}},"loc":{"start":{"line":21,"column":0},"end":{"line":53,"column":1}},"line":21}},"f":{"0":0,"1":1}}
,"C:\\PC\\JS\\ReactRS\\ReactRS\\pages\\_app.tsx": {"path":"C:\\PC\\JS\\ReactRS\\ReactRS\\pages\\_app.tsx","all":true,"statementMap":{"0":{"start":{"line":1,"column":0},"end":{"line":1,"column":36}},"1":{"start":{"line":2,"column":0},"end":{"line":2,"column":22}},"2":{"start":{"line":3,"column":0},"end":{"line":3,"column":58}},"3":{"start":{"line":4,"column":0},"end":{"line":4,"column":0}},"4":{"start":{"line":5,"column":0},"end":{"line":5,"column":38}},"5":{"start":{"line":6,"column":0},"end":{"line":6,"column":51}},"6":{"start":{"line":7,"column":0},"end":{"line":7,"column":32}},"7":{"start":{"line":8,"column":0},"end":{"line":8,"column":4}},"8":{"start":{"line":9,"column":0},"end":{"line":9,"column":2}},"9":{"start":{"line":10,"column":0},"end":{"line":10,"column":0}},"10":{"start":{"line":11,"column":0},"end":{"line":11,"column":62}},"11":{"start":{"line":12,"column":0},"end":{"line":12,"column":0}},"12":{"start":{"line":13,"column":0},"end":{"line":13,"column":10}},"13":{"start":{"line":14,"column":0},"end":{"line":14,"column":32}},"14":{"start":{"line":15,"column":0},"end":{"line":15,"column":4}},"15":{"start":{"line":16,"column":0},"end":{"line":16,"column":1}},"16":{"start":{"line":17,"column":0},"end":{"line":17,"column":0}},"17":{"start":{"line":18,"column":0},"end":{"line":18,"column":21}}},"s":{"0":0,"1":0,"2":0,"3":0,"4":0,"5":0,"6":0,"7":0,"8":0,"9":0,"10":0,"11":0,"12":0,"13":0,"14":0,"15":0,"16":0,"17":0},"branchMap":{"0":{"type":"branch","line":1,"loc":{"start":{"line":1,"column":0},"end":{"line":18,"column":21}},"locations":[{"start":{"line":1,"column":0},"end":{"line":18,"column":21}}]}},"b":{"0":[0]},"fnMap":{"0":{"name":"(empty-report)","decl":{"start":{"line":1,"column":0},"end":{"line":18,"column":21}},"loc":{"start":{"line":1,"column":0},"end":{"line":18,"column":21}},"line":1}},"f":{"0":0}}
,"C:\\PC\\JS\\ReactRS\\ReactRS\\pages\\index.tsx": {"path":"C:\\PC\\JS\\ReactRS\\ReactRS\\pages\\index.tsx","all":false,"statementMap":{"0":{"start":{"line":1,"column":0},"end":{"line":1,"column":0}},"1":{"start":{"line":2,"column":0},"end":{"line":2,"column":49}},"2":{"start":{"line":3,"column":0},"end":{"line":3,"column":56}},"3":{"start":{"line":4,"column":0},"end":{"line":4,"column":56}},"4":{"start":{"line":5,"column":0},"end":{"line":5,"column":0}},"5":{"start":{"line":6,"column":0},"end":{"line":6,"column":81}},"6":{"start":{"line":7,"column":0},"end":{"line":7,"column":28}},"7":{"start":{"line":8,"column":0},"end":{"line":8,"column":73}},"8":{"start":{"line":9,"column":0},"end":{"line":9,"column":43}},"9":{"start":{"line":10,"column":0},"end":{"line":10,"column":50}},"10":{"start":{"line":11,"column":0},"end":{"line":11,"column":2}},"11":{"start":{"line":12,"column":0},"end":{"line":12,"column":0}},"12":{"start":{"line":13,"column":0},"end":{"line":13,"column":79}},"13":{"start":{"line":14,"column":0},"end":{"line":14,"column":98}},"14":{"start":{"line":15,"column":0},"end":{"line":15,"column":1}},"15":{"start":{"line":16,"column":0},"end":{"line":16,"column":0}},"16":{"start":{"line":17,"column":0},"end":{"line":17,"column":28}}},"s":{"0":1,"1":1,"2":1,"3":1,"4":1,"5":1,"6":0,"7":0,"8":0,"9":0,"10":0,"11":1,"12":3,"13":3,"14":3,"15":1,"16":1},"branchMap":{"0":{"type":"branch","line":13,"loc":{"start":{"line":13,"column":0},"end":{"line":15,"column":1}},"locations":[{"start":{"line":13,"column":0},"end":{"line":15,"column":1}}]}},"b":{"0":[3]},"fnMap":{"0":{"name":"getServerSideProps","decl":{"start":{"line":6,"column":34},"end":{"line":11,"column":2}},"loc":{"start":{"line":6,"column":34},"end":{"line":11,"column":2}},"line":6},"1":{"name":"PokemonsPage","decl":{"start":{"line":13,"column":0},"end":{"line":15,"column":1}},"loc":{"start":{"line":13,"column":0},"end":{"line":15,"column":1}},"line":13}},"f":{"0":0,"1":3}}
}
